<?xml version="1.0" encoding="UTF-8"?>
<!-- Generated by org.testng.reporters.JUnitReportReporter -->
<testsuite hostname="BDC6-L-151BS65" failures="0" tests="1" name="testCases.TestCase4" time="35.170" errors="0" timestamp="2024-11-20T10:36:29 IST" skipped="0">
  <testcase classname="testCases.TestCase4" name="TestCaseFour" time="35.170"/>
</testsuite> <!-- testCases.TestCase4 -->
