<?xml version="1.0" encoding="UTF-8"?>
<!-- Generated by org.testng.reporters.JUnitReportReporter -->
<testsuite hostname="BDC6-L-151BS65" failures="0" tests="1" name="testCases.Test_Case5" time="2.273" errors="0" timestamp="2024-11-19T15:47:21 IST" skipped="0">
  <testcase classname="testCases.Test_Case5" name="TestCase_Five" time="2.273"/>
</testsuite> <!-- testCases.Test_Case5 -->
